0 verbose cli C:\Program Files\nodejs\node.exe C:\Program Files\nodejs\node_global\node_modules\npm\bin\npm-cli.js
1 info using npm@11.12.0
2 info using node@v24.12.0
3 silly config load:file:C:\Program Files\nodejs\node_global\node_modules\npm\npmrc
4 silly config load:file:C:\Users\linlic\Desktop\Openclaw Center\.npmrc
5 silly config load:file:C:\Users\linlic\.npmrc
6 silly config load:file:C:\Program Files\nodejs\node_global\etc\npmrc
7 verbose title npm install
8 verbose argv "install"
9 verbose logfile logs-max:10 dir:c:\Users\linlic\Desktop\Openclaw Center\.npm-cache\_logs\2026-04-01T05_24_46_280Z-
10 verbose logfile c:\Users\linlic\Desktop\Openclaw Center\.npm-cache\_logs\2026-04-01T05_24_46_280Z-debug-0.log
11 silly logfile done cleaning log files
12 silly packumentCache heap:4496293888 maxSize:1124073472 maxEntrySize:562036736
13 silly idealTree buildDeps
14 silly fetch manifest jsdom@^26.1.0
15 silly packumentCache full:https://registry.npmmirror.com/jsdom cache-miss
16 http fetch GET 200 https://registry.npmmirror.com/jsdom 113ms (cache miss)
17 silly packumentCache full:https://registry.npmmirror.com/jsdom set size:125169 disposed:false
18 silly fetch manifest canvas@^3.0.0
19 silly packumentCache full:https://registry.npmmirror.com/canvas cache-miss
20 http fetch GET 200 https://registry.npmmirror.com/canvas 25ms (cache miss)
21 silly packumentCache full:https://registry.npmmirror.com/canvas set size:63319 disposed:false
22 silly fetch manifest vitest@^2.1.8
23 silly packumentCache full:https://registry.npmmirror.com/vitest cache-miss
24 http fetch GET 200 https://registry.npmmirror.com/vitest 81ms (cache miss)
25 silly packumentCache full:https://registry.npmmirror.com/vitest set size:393288 disposed:false
26 silly fetch manifest @edge-runtime/vm@*
27 silly packumentCache full:https://registry.npmmirror.com/@edge-runtime%2fvm cache-miss
28 http fetch GET 200 https://registry.npmmirror.com/@edge-runtime%2fvm 25ms (cache miss)
29 silly packumentCache full:https://registry.npmmirror.com/@edge-runtime%2fvm set size:79041 disposed:false
30 silly fetch manifest @types/node@^18.0.0 || >=20.0.0
31 silly packumentCache full:https://registry.npmmirror.com/@types%2fnode cache-miss
32 http fetch GET 200 https://registry.npmmirror.com/@types%2fnode 32ms (cache revalidated)
33 silly packumentCache full:https://registry.npmmirror.com/@types%2fnode set size:10179174 disposed:false
34 silly fetch manifest @vitest/browser@2.1.9
35 silly packumentCache full:https://registry.npmmirror.com/@vitest%2fbrowser cache-miss
36 http fetch GET 200 https://registry.npmmirror.com/@vitest%2fbrowser 67ms (cache miss)
37 silly packumentCache full:https://registry.npmmirror.com/@vitest%2fbrowser set size:129959 disposed:false
38 silly fetch manifest playwright@*
39 silly packumentCache full:https://registry.npmmirror.com/playwright cache-miss
40 http fetch GET 200 https://registry.npmmirror.com/playwright 353ms (cache miss)
41 silly packumentCache full:https://registry.npmmirror.com/playwright set size:2211902 disposed:false
42 silly fetch manifest webdriverio@*
43 silly packumentCache full:https://registry.npmmirror.com/webdriverio cache-miss
44 http fetch GET 200 https://registry.npmmirror.com/webdriverio 69ms (cache miss)
45 silly packumentCache full:https://registry.npmmirror.com/webdriverio set size:432505 disposed:false
46 silly fetch manifest puppeteer-core@>=22.x || <=24.x
47 silly packumentCache full:https://registry.npmmirror.com/puppeteer-core cache-miss
48 http fetch GET 200 https://registry.npmmirror.com/puppeteer-core 39ms (cache miss)
49 silly packumentCache full:https://registry.npmmirror.com/puppeteer-core set size:220976 disposed:false
50 silly fetch manifest @vitest/ui@2.1.9
51 silly packumentCache full:https://registry.npmmirror.com/@vitest%2fui cache-miss
52 http fetch GET 200 https://registry.npmmirror.com/@vitest%2fui 43ms (cache miss)
53 silly packumentCache full:https://registry.npmmirror.com/@vitest%2fui set size:251227 disposed:false
54 silly fetch manifest happy-dom@*
55 silly packumentCache full:https://registry.npmmirror.com/happy-dom cache-miss
56 http fetch GET 200 https://registry.npmmirror.com/happy-dom 58ms (cache miss)
57 silly packumentCache full:https://registry.npmmirror.com/happy-dom set size:375465 disposed:false
58 silly placeDep ROOT jsdom@26.1.0 OK for: openclaw-center@1.0.0 want: ^26.1.0
59 silly placeDep ROOT vitest@2.1.9 OK for: openclaw-center@1.0.0 want: ^2.1.8
60 silly fetch manifest cssstyle@^4.2.1
61 silly packumentCache full:https://registry.npmmirror.com/cssstyle cache-miss
62 silly fetch manifest data-urls@^5.0.0
63 silly packumentCache full:https://registry.npmmirror.com/data-urls cache-miss
64 silly fetch manifest decimal.js@^10.5.0
65 silly packumentCache full:https://registry.npmmirror.com/decimal.js cache-miss
66 silly fetch manifest html-encoding-sniffer@^4.0.0
67 silly packumentCache full:https://registry.npmmirror.com/html-encoding-sniffer cache-miss
68 silly fetch manifest http-proxy-agent@^7.0.2
69 silly packumentCache full:https://registry.npmmirror.com/http-proxy-agent cache-miss
70 silly fetch manifest https-proxy-agent@^7.0.6
71 silly packumentCache full:https://registry.npmmirror.com/https-proxy-agent cache-miss
72 silly fetch manifest is-potential-custom-element-name@^1.0.1
73 silly packumentCache full:https://registry.npmmirror.com/is-potential-custom-element-name cache-miss
74 silly fetch manifest nwsapi@^2.2.16
75 silly packumentCache full:https://registry.npmmirror.com/nwsapi cache-miss
76 silly fetch manifest parse5@^7.2.1
77 silly packumentCache full:https://registry.npmmirror.com/parse5 cache-miss
78 silly fetch manifest rrweb-cssom@^0.8.0
79 silly packumentCache full:https://registry.npmmirror.com/rrweb-cssom cache-miss
80 silly fetch manifest saxes@^6.0.0
81 silly packumentCache full:https://registry.npmmirror.com/saxes cache-miss
82 silly fetch manifest symbol-tree@^3.2.4
83 silly packumentCache full:https://registry.npmmirror.com/symbol-tree cache-miss
84 silly fetch manifest tough-cookie@^5.1.1
85 silly packumentCache full:https://registry.npmmirror.com/tough-cookie cache-miss
86 silly fetch manifest w3c-xmlserializer@^5.0.0
87 silly packumentCache full:https://registry.npmmirror.com/w3c-xmlserializer cache-miss
88 silly fetch manifest webidl-conversions@^7.0.0
89 silly packumentCache full:https://registry.npmmirror.com/webidl-conversions cache-miss
90 silly fetch manifest whatwg-encoding@^3.1.1
91 silly packumentCache full:https://registry.npmmirror.com/whatwg-encoding cache-miss
92 silly fetch manifest whatwg-mimetype@^4.0.0
93 silly packumentCache full:https://registry.npmmirror.com/whatwg-mimetype cache-miss
94 silly fetch manifest whatwg-url@^14.1.1
95 silly packumentCache full:https://registry.npmmirror.com/whatwg-url cache-miss
96 silly fetch manifest ws@^8.18.0
97 silly packumentCache full:https://registry.npmmirror.com/ws cache-miss
98 http fetch GET 200 https://registry.npmmirror.com/cssstyle 26ms (cache miss)
99 silly packumentCache full:https://registry.npmmirror.com/cssstyle set size:26983 disposed:false
100 silly fetch manifest xml-name-validator@^5.0.0
101 silly packumentCache full:https://registry.npmmirror.com/xml-name-validator cache-miss
102 http fetch GET 200 https://registry.npmmirror.com/whatwg-encoding 53ms (cache miss)
103 silly packumentCache full:https://registry.npmmirror.com/whatwg-encoding set size:5549 disposed:false
104 silly fetch manifest chai@^5.1.2
105 silly packumentCache full:https://registry.npmmirror.com/chai cache-miss
106 http fetch GET 200 https://registry.npmmirror.com/data-urls 69ms (cache miss)
107 silly packumentCache full:https://registry.npmmirror.com/data-urls set size:9100 disposed:false
108 silly fetch manifest expect-type@^1.1.0
109 silly packumentCache full:https://registry.npmmirror.com/expect-type cache-miss
110 http fetch GET 200 https://registry.npmmirror.com/is-potential-custom-element-name 84ms (cache miss)
111 silly packumentCache full:https://registry.npmmirror.com/is-potential-custom-element-name set size:1923 disposed:false
112 silly fetch manifest magic-string@^0.30.12
113 silly packumentCache full:https://registry.npmmirror.com/magic-string cache-miss
114 http fetch GET 200 https://registry.npmmirror.com/html-encoding-sniffer 86ms (cache miss)
115 silly packumentCache full:https://registry.npmmirror.com/html-encoding-sniffer set size:5490 disposed:false
116 silly fetch manifest pathe@^1.1.2
117 silly packumentCache full:https://registry.npmmirror.com/pathe cache-miss
118 http fetch GET 200 https://registry.npmmirror.com/symbol-tree 87ms (cache miss)
119 silly packumentCache full:https://registry.npmmirror.com/symbol-tree set size:9873 disposed:false
120 silly fetch manifest std-env@^3.8.0
121 silly packumentCache full:https://registry.npmmirror.com/std-env cache-miss
122 http fetch GET 200 https://registry.npmmirror.com/whatwg-mimetype 88ms (cache miss)
123 silly packumentCache full:https://registry.npmmirror.com/whatwg-mimetype set size:7082 disposed:false
124 silly fetch manifest tinybench@^2.9.0
125 silly packumentCache full:https://registry.npmmirror.com/tinybench cache-miss
126 http fetch GET 200 https://registry.npmmirror.com/w3c-xmlserializer 91ms (cache miss)
127 silly packumentCache full:https://registry.npmmirror.com/w3c-xmlserializer set size:6445 disposed:false
128 silly fetch manifest tinyexec@^0.3.1
129 silly packumentCache full:https://registry.npmmirror.com/tinyexec cache-miss
130 http fetch GET 200 https://registry.npmmirror.com/decimal.js 95ms (cache miss)
131 silly packumentCache full:https://registry.npmmirror.com/decimal.js set size:21240 disposed:false
132 silly fetch manifest tinypool@^1.0.1
133 silly packumentCache full:https://registry.npmmirror.com/tinypool cache-miss
134 http fetch GET 200 https://registry.npmmirror.com/https-proxy-agent 100ms (cache miss)
135 silly packumentCache full:https://registry.npmmirror.com/https-proxy-agent set size:15472 disposed:false
136 silly fetch manifest tinyrainbow@^1.2.0
137 silly packumentCache full:https://registry.npmmirror.com/tinyrainbow cache-miss
138 http fetch GET 200 https://registry.npmmirror.com/webidl-conversions 103ms (cache miss)
139 silly packumentCache full:https://registry.npmmirror.com/webidl-conversions set size:11193 disposed:false
140 silly fetch manifest why-is-node-running@^2.3.0
141 silly packumentCache full:https://registry.npmmirror.com/why-is-node-running cache-miss
142 http fetch GET 200 https://registry.npmmirror.com/nwsapi 107ms (cache miss)
143 silly packumentCache full:https://registry.npmmirror.com/nwsapi set size:18500 disposed:false
144 silly fetch manifest @vitest/expect@2.1.9
145 silly packumentCache full:https://registry.npmmirror.com/@vitest%2fexpect cache-miss
146 http fetch GET 200 https://registry.npmmirror.com/saxes 108ms (cache miss)
147 silly packumentCache full:https://registry.npmmirror.com/saxes set size:18487 disposed:false
148 silly fetch manifest @vitest/mocker@2.1.9
149 silly packumentCache full:https://registry.npmmirror.com/@vitest%2fmocker cache-miss
150 http fetch GET 200 https://registry.npmmirror.com/whatwg-url 108ms (cache miss)
151 silly packumentCache full:https://registry.npmmirror.com/whatwg-url set size:27984 disposed:false
152 silly fetch manifest @vitest/runner@2.1.9
153 silly packumentCache full:https://registry.npmmirror.com/@vitest%2frunner cache-miss
154 http fetch GET 200 https://registry.npmmirror.com/http-proxy-agent 112ms (cache miss)
155 silly packumentCache full:https://registry.npmmirror.com/http-proxy-agent set size:10633 disposed:false
156 silly fetch manifest @vitest/snapshot@2.1.9
157 silly packumentCache full:https://registry.npmmirror.com/@vitest%2fsnapshot cache-miss
158 http fetch GET 200 https://registry.npmmirror.com/tough-cookie 114ms (cache miss)
159 silly packumentCache full:https://registry.npmmirror.com/tough-cookie set size:27583 disposed:false
160 silly fetch manifest @vitest/pretty-format@^2.1.9
161 silly packumentCache full:https://registry.npmmirror.com/@vitest%2fpretty-format cache-miss
162 http fetch GET 200 https://registry.npmmirror.com/parse5 116ms (cache miss)
163 silly packumentCache full:https://registry.npmmirror.com/parse5 set size:20823 disposed:false
164 silly fetch manifest @vitest/spy@2.1.9
165 silly packumentCache full:https://registry.npmmirror.com/@vitest%2fspy cache-miss
166 http fetch GET 200 https://registry.npmmirror.com/xml-name-validator 99ms (cache miss)
167 silly packumentCache full:https://registry.npmmirror.com/xml-name-validator set size:3206 disposed:false
168 silly fetch manifest vite-node@2.1.9
169 silly packumentCache full:https://registry.npmmirror.com/vite-node cache-miss
170 http fetch GET 200 https://registry.npmmirror.com/chai 80ms (cache miss)
171 silly packumentCache full:https://registry.npmmirror.com/chai set size:38857 disposed:false
172 silly fetch manifest @vitest/utils@2.1.9
173 silly packumentCache full:https://registry.npmmirror.com/@vitest%2futils cache-miss
174 http fetch GET 200 https://registry.npmmirror.com/rrweb-cssom 142ms (cache miss)
175 silly packumentCache full:https://registry.npmmirror.com/rrweb-cssom set size:4269 disposed:false
176 http fetch GET 200 https://registry.npmmirror.com/tinyexec 51ms (cache miss)
177 silly packumentCache full:https://registry.npmmirror.com/tinyexec set size:10535 disposed:false
178 http fetch GET 200 https://registry.npmmirror.com/pathe 60ms (cache miss)
179 silly packumentCache full:https://registry.npmmirror.com/pathe set size:20527 disposed:false
180 http fetch GET 200 https://registry.npmmirror.com/tinyrainbow 47ms (cache miss)
181 silly packumentCache full:https://registry.npmmirror.com/tinyrainbow set size:7185 disposed:false
182 http fetch GET 200 https://registry.npmmirror.com/expect-type 79ms (cache miss)
183 silly packumentCache full:https://registry.npmmirror.com/expect-type set size:57667 disposed:false
184 http fetch GET 200 https://registry.npmmirror.com/why-is-node-running 45ms (cache miss)
185 silly packumentCache full:https://registry.npmmirror.com/why-is-node-running set size:11039 disposed:false
186 http fetch GET 200 https://registry.npmmirror.com/std-env 62ms (cache miss)
187 silly packumentCache full:https://registry.npmmirror.com/std-env set size:20701 disposed:false
188 http fetch GET 200 https://registry.npmmirror.com/tinypool 56ms (cache miss)
189 silly packumentCache full:https://registry.npmmirror.com/tinypool set size:30174 disposed:false
190 http fetch GET 200 https://registry.npmmirror.com/tinybench 63ms (cache miss)
191 silly packumentCache full:https://registry.npmmirror.com/tinybench set size:42669 disposed:false
192 http fetch GET 200 https://registry.npmmirror.com/ws 154ms (cache miss)
193 silly packumentCache full:https://registry.npmmirror.com/ws set size:92971 disposed:false
194 http fetch GET 200 https://registry.npmmirror.com/@vitest%2fmocker 55ms (cache miss)
195 silly packumentCache full:https://registry.npmmirror.com/@vitest%2fmocker set size:39502 disposed:false
196 http fetch GET 200 https://registry.npmmirror.com/magic-string 91ms (cache miss)
197 silly packumentCache full:https://registry.npmmirror.com/magic-string set size:56351 disposed:false
198 http fetch GET 200 https://registry.npmmirror.com/@vitest%2frunner 74ms (cache miss)
199 silly packumentCache full:https://registry.npmmirror.com/@vitest%2frunner set size:79911 disposed:false
200 http fetch GET 200 https://registry.npmmirror.com/@vitest%2fexpect 81ms (cache miss)
201 silly packumentCache full:https://registry.npmmirror.com/@vitest%2fexpect set size:86204 disposed:false
202 http fetch GET 200 https://registry.npmmirror.com/@vitest%2fpretty-format 78ms (cache miss)
203 silly packumentCache full:https://registry.npmmirror.com/@vitest%2fpretty-format set size:38686 disposed:false
204 http fetch GET 200 https://registry.npmmirror.com/@vitest%2fspy 79ms (cache miss)
205 silly packumentCache full:https://registry.npmmirror.com/@vitest%2fspy set size:80694 disposed:false
206 http fetch GET 200 https://registry.npmmirror.com/@vitest%2futils 61ms (cache miss)
207 silly packumentCache full:https://registry.npmmirror.com/@vitest%2futils set size:87404 disposed:false
208 http fetch GET 200 https://registry.npmmirror.com/@vitest%2fsnapshot 92ms (cache miss)
209 silly packumentCache full:https://registry.npmmirror.com/@vitest%2fsnapshot set size:67668 disposed:false
210 http fetch GET 200 https://registry.npmmirror.com/vite-node 146ms (cache miss)
211 silly packumentCache full:https://registry.npmmirror.com/vite-node set size:226841 disposed:false
212 silly fetch manifest bufferutil@^4.0.1
213 silly packumentCache full:https://registry.npmmirror.com/bufferutil cache-miss
214 http fetch GET 200 https://registry.npmmirror.com/bufferutil 19ms (cache miss)
215 silly packumentCache full:https://registry.npmmirror.com/bufferutil set size:11537 disposed:false
216 silly fetch manifest utf-8-validate@>=5.0.2
217 silly packumentCache full:https://registry.npmmirror.com/utf-8-validate cache-miss
218 http fetch GET 200 https://registry.npmmirror.com/utf-8-validate 23ms (cache miss)
219 silly packumentCache full:https://registry.npmmirror.com/utf-8-validate set size:17208 disposed:false
220 silly placeDep ROOT cssstyle@4.6.0 OK for: jsdom@26.1.0 want: ^4.2.1
221 silly placeDep ROOT data-urls@5.0.0 OK for: jsdom@26.1.0 want: ^5.0.0
222 silly placeDep ROOT decimal.js@10.6.0 OK for: jsdom@26.1.0 want: ^10.5.0
223 silly placeDep ROOT html-encoding-sniffer@4.0.0 OK for: jsdom@26.1.0 want: ^4.0.0
224 silly placeDep ROOT http-proxy-agent@7.0.2 OK for: jsdom@26.1.0 want: ^7.0.2
225 silly placeDep ROOT https-proxy-agent@7.0.6 OK for: jsdom@26.1.0 want: ^7.0.6
226 silly placeDep ROOT is-potential-custom-element-name@1.0.1 OK for: jsdom@26.1.0 want: ^1.0.1
227 silly placeDep ROOT nwsapi@2.2.23 OK for: jsdom@26.1.0 want: ^2.2.16
228 silly placeDep ROOT parse5@7.3.0 OK for: jsdom@26.1.0 want: ^7.2.1
229 silly placeDep ROOT rrweb-cssom@0.8.0 OK for: jsdom@26.1.0 want: ^0.8.0
230 silly placeDep ROOT saxes@6.0.0 OK for: jsdom@26.1.0 want: ^6.0.0
231 silly placeDep ROOT symbol-tree@3.2.4 OK for: jsdom@26.1.0 want: ^3.2.4
232 silly placeDep ROOT tough-cookie@5.1.2 OK for: jsdom@26.1.0 want: ^5.1.1
233 silly placeDep ROOT w3c-xmlserializer@5.0.0 OK for: jsdom@26.1.0 want: ^5.0.0
234 silly placeDep ROOT webidl-conversions@7.0.0 OK for: jsdom@26.1.0 want: ^7.0.0
235 silly placeDep ROOT whatwg-encoding@3.1.1 OK for: jsdom@26.1.0 want: ^3.1.1
236 silly placeDep ROOT whatwg-mimetype@4.0.0 OK for: jsdom@26.1.0 want: ^4.0.0
237 silly placeDep ROOT whatwg-url@14.2.0 OK for: jsdom@26.1.0 want: ^14.1.1
238 silly placeDep ROOT ws@8.20.0 OK for: jsdom@26.1.0 want: ^8.18.0
239 silly placeDep ROOT xml-name-validator@5.0.0 OK for: jsdom@26.1.0 want: ^5.0.0
240 silly fetch manifest @asamuzakjp/css-color@^3.2.0
241 silly packumentCache full:https://registry.npmmirror.com/@asamuzakjp%2fcss-color cache-miss
242 silly fetch manifest whatwg-url@^14.0.0
243 silly packumentCache full:https://registry.npmmirror.com/whatwg-url cache-hit
244 silly fetch manifest agent-base@^7.1.0
245 silly packumentCache full:https://registry.npmmirror.com/agent-base cache-miss
246 silly fetch manifest agent-base@^7.1.2
247 silly packumentCache full:https://registry.npmmirror.com/agent-base cache-miss
248 silly fetch manifest entities@^6.0.0
249 silly packumentCache full:https://registry.npmmirror.com/entities cache-miss
250 silly fetch manifest xmlchars@^2.2.0
251 silly packumentCache full:https://registry.npmmirror.com/xmlchars cache-miss
252 silly fetch manifest tldts@^6.1.32
253 silly packumentCache full:https://registry.npmmirror.com/tldts cache-miss
254 silly fetch manifest iconv-lite@0.6.3
255 silly packumentCache full:https://registry.npmmirror.com/iconv-lite cache-miss
256 silly fetch manifest tr46@^5.1.0
257 silly packumentCache full:https://registry.npmmirror.com/tr46 cache-miss
258 http fetch GET 200 https://registry.npmmirror.com/tr46 40ms (cache miss)
259 silly packumentCache full:https://registry.npmmirror.com/tr46 set size:10515 disposed:false
260 http fetch GET 200 https://registry.npmmirror.com/entities 50ms (cache miss)
261 silly packumentCache full:https://registry.npmmirror.com/entities set size:23218 disposed:false
262 http fetch GET 200 https://registry.npmmirror.com/agent-base 58ms (cache miss)
263 silly packumentCache full:https://registry.npmmirror.com/agent-base set size:13487 disposed:false
264 http fetch GET 200 https://registry.npmmirror.com/tldts 68ms (cache miss)
265 silly packumentCache full:https://registry.npmmirror.com/tldts set size:319825 disposed:false
266 http fetch GET 200 https://registry.npmmirror.com/xmlchars 83ms (cache miss)
267 silly packumentCache full:https://registry.npmmirror.com/xmlchars set size:4495 disposed:false
268 http fetch GET 200 https://registry.npmmirror.com/iconv-lite 86ms (cache miss)
269 silly packumentCache full:https://registry.npmmirror.com/iconv-lite set size:19791 disposed:false
270 http fetch GET 200 https://registry.npmmirror.com/@asamuzakjp%2fcss-color 100ms (cache miss)
271 silly packumentCache full:https://registry.npmmirror.com/@asamuzakjp%2fcss-color set size:31046 disposed:false
272 http fetch GET 200 https://registry.npmmirror.com/agent-base 104ms (cache miss)
273 silly packumentCache full:https://registry.npmmirror.com/agent-base set size:13487 disposed:false
274 silly packumentCache full:https://registry.npmmirror.com/agent-base dispose
275 silly placeDep ROOT @asamuzakjp/css-color@3.2.0 OK for: cssstyle@4.6.0 want: ^3.2.0
276 silly fetch manifest @csstools/css-calc@^2.1.3
277 silly packumentCache full:https://registry.npmmirror.com/@csstools%2fcss-calc cache-miss
278 silly fetch manifest @csstools/css-color-parser@^3.0.9
279 silly packumentCache full:https://registry.npmmirror.com/@csstools%2fcss-color-parser cache-miss
280 silly fetch manifest @csstools/css-parser-algorithms@^3.0.4
281 silly packumentCache full:https://registry.npmmirror.com/@csstools%2fcss-parser-algorithms cache-miss
282 silly fetch manifest @csstools/css-tokenizer@^3.0.3
283 silly packumentCache full:https://registry.npmmirror.com/@csstools%2fcss-tokenizer cache-miss
284 silly fetch manifest lru-cache@^10.4.3
285 silly packumentCache full:https://registry.npmmirror.com/lru-cache cache-miss
286 http fetch GET 200 https://registry.npmmirror.com/@csstools%2fcss-tokenizer 20ms (cache miss)
287 silly packumentCache full:https://registry.npmmirror.com/@csstools%2fcss-tokenizer set size:15335 disposed:false
288 http fetch GET 200 https://registry.npmmirror.com/lru-cache 23ms (cache revalidated)
289 silly packumentCache full:https://registry.npmmirror.com/lru-cache set size:411761 disposed:false
290 http fetch GET 200 https://registry.npmmirror.com/@csstools%2fcss-parser-algorithms 27ms (cache miss)
291 silly packumentCache full:https://registry.npmmirror.com/@csstools%2fcss-parser-algorithms set size:15320 disposed:false
292 http fetch GET 200 https://registry.npmmirror.com/@csstools%2fcss-calc 35ms (cache miss)
293 silly packumentCache full:https://registry.npmmirror.com/@csstools%2fcss-calc set size:16482 disposed:false
294 http fetch GET 200 https://registry.npmmirror.com/@csstools%2fcss-color-parser 128ms (cache miss)
295 silly packumentCache full:https://registry.npmmirror.com/@csstools%2fcss-color-parser set size:20070 disposed:false
296 silly placeDep ROOT @csstools/css-calc@2.1.4 OK for: @asamuzakjp/css-color@3.2.0 want: ^2.1.3
297 silly placeDep ROOT @csstools/css-parser-algorithms@3.0.5 OK for: @csstools/css-calc@2.1.4 want: ^3.0.5
298 silly placeDep ROOT @csstools/css-tokenizer@3.0.4 OK for: @csstools/css-parser-algorithms@3.0.5 want: ^3.0.4
299 silly placeDep ROOT @csstools/css-color-parser@3.1.0 OK for: @asamuzakjp/css-color@3.2.0 want: ^3.0.9
300 silly placeDep node_modules/@asamuzakjp/css-color lru-cache@10.4.3 OK for: @asamuzakjp/css-color@3.2.0 want: ^10.4.3
301 silly fetch manifest @csstools/color-helpers@^5.1.0
302 silly packumentCache full:https://registry.npmmirror.com/@csstools%2fcolor-helpers cache-miss
303 http fetch GET 200 https://registry.npmmirror.com/@csstools%2fcolor-helpers 18ms (cache miss)
304 silly packumentCache full:https://registry.npmmirror.com/@csstools%2fcolor-helpers set size:9943 disposed:false
305 silly placeDep ROOT @csstools/color-helpers@5.1.0 OK for: @csstools/css-color-parser@3.1.0 want: ^5.1.0
306 silly placeDep ROOT agent-base@7.1.4 OK for: http-proxy-agent@7.0.2 want: ^7.1.0
307 silly placeDep ROOT entities@6.0.1 OK for: parse5@7.3.0 want: ^6.0.0
308 silly placeDep ROOT xmlchars@2.2.0 OK for: saxes@6.0.0 want: ^2.2.0
309 silly placeDep ROOT tldts@6.1.86 OK for: tough-cookie@5.1.2 want: ^6.1.32
310 silly fetch manifest tldts-core@^6.1.86
311 silly packumentCache full:https://registry.npmmirror.com/tldts-core cache-miss
312 http fetch GET 200 https://registry.npmmirror.com/tldts-core 56ms (cache miss)
313 silly packumentCache full:https://registry.npmmirror.com/tldts-core set size:295252 disposed:false
314 silly placeDep ROOT tldts-core@6.1.86 OK for: tldts@6.1.86 want: ^6.1.86
315 silly fetch manifest msw@^2.4.9
316 silly packumentCache full:https://registry.npmmirror.com/msw cache-miss
317 http fetch GET 200 https://registry.npmmirror.com/msw 117ms (cache miss)
318 silly packumentCache full:https://registry.npmmirror.com/msw set size:233708 disposed:false
319 silly fetch manifest typescript@>= 4.8.x
320 silly packumentCache full:https://registry.npmmirror.com/typescript cache-miss
321 http fetch GET 200 https://registry.npmmirror.com/typescript 38ms (cache revalidated)
322 silly packumentCache full:https://registry.npmmirror.com/typescript set size:14644626 disposed:false
323 silly fetch manifest vite@^5.0.0
324 silly packumentCache full:https://registry.npmmirror.com/vite cache-miss
325 http fetch GET 200 https://registry.npmmirror.com/vite 78ms (cache revalidated)
326 silly packumentCache full:https://registry.npmmirror.com/vite set size:38589240 disposed:false
327 silly fetch manifest less@*
328 silly packumentCache full:https://registry.npmmirror.com/less cache-miss
329 http fetch GET 200 https://registry.npmmirror.com/less 16ms (cache revalidated)
330 silly packumentCache full:https://registry.npmmirror.com/less set size:430227 disposed:false
331 silly fetch manifest lightningcss@^1.21.0
332 silly packumentCache full:https://registry.npmmirror.com/lightningcss cache-miss
333 http fetch GET 200 https://registry.npmmirror.com/lightningcss 16ms (cache revalidated)
334 silly packumentCache full:https://registry.npmmirror.com/lightningcss set size:191662 disposed:false
335 silly fetch manifest sass@*
336 silly packumentCache full:https://registry.npmmirror.com/sass cache-miss
337 http fetch GET 200 https://registry.npmmirror.com/sass 16ms (cache revalidated)
338 silly packumentCache full:https://registry.npmmirror.com/sass set size:598700 disposed:false
339 silly fetch manifest sass-embedded@*
340 silly packumentCache full:https://registry.npmmirror.com/sass-embedded cache-miss
341 http fetch GET 200 https://registry.npmmirror.com/sass-embedded 17ms (cache revalidated)
342 silly packumentCache full:https://registry.npmmirror.com/sass-embedded set size:422623 disposed:false
343 silly fetch manifest stylus@*
344 silly packumentCache full:https://registry.npmmirror.com/stylus cache-miss
345 http fetch GET 200 https://registry.npmmirror.com/stylus 17ms (cache revalidated)
346 silly packumentCache full:https://registry.npmmirror.com/stylus set size:312391 disposed:false
347 silly fetch manifest sugarss@*
348 silly packumentCache full:https://registry.npmmirror.com/sugarss cache-miss
349 http fetch GET 200 https://registry.npmmirror.com/sugarss 16ms (cache revalidated)
350 silly packumentCache full:https://registry.npmmirror.com/sugarss set size:38248 disposed:false
351 silly fetch manifest postcss@^8.3.3
352 silly packumentCache full:https://registry.npmmirror.com/postcss cache-miss
353 http fetch GET 200 https://registry.npmmirror.com/postcss 15ms (cache revalidated)
354 silly packumentCache full:https://registry.npmmirror.com/postcss set size:618007 disposed:false
355 silly fetch manifest terser@^5.4.0
356 silly packumentCache full:https://registry.npmmirror.com/terser cache-miss
357 http fetch GET 200 https://registry.npmmirror.com/terser 20ms (cache revalidated)
358 silly packumentCache full:https://registry.npmmirror.com/terser set size:690209 disposed:false
359 silly placeDep ROOT @vitest/expect@2.1.9 OK for: vitest@2.1.9 want: 2.1.9
360 silly placeDep ROOT @vitest/mocker@2.1.9 OK for: vitest@2.1.9 want: 2.1.9
361 silly placeDep ROOT @vitest/pretty-format@2.1.9 OK for: vitest@2.1.9 want: ^2.1.9
362 silly placeDep ROOT @vitest/runner@2.1.9 OK for: vitest@2.1.9 want: 2.1.9
363 silly placeDep ROOT @vitest/snapshot@2.1.9 OK for: vitest@2.1.9 want: 2.1.9
364 silly placeDep ROOT @vitest/spy@2.1.9 OK for: vitest@2.1.9 want: 2.1.9
365 silly placeDep ROOT @vitest/utils@2.1.9 OK for: vitest@2.1.9 want: 2.1.9
366 silly placeDep ROOT chai@5.3.3 OK for: vitest@2.1.9 want: ^5.1.2
367 silly placeDep ROOT expect-type@1.3.0 OK for: vitest@2.1.9 want: ^1.1.0
368 silly placeDep ROOT magic-string@0.30.21 OK for: vitest@2.1.9 want: ^0.30.12
369 silly placeDep ROOT pathe@1.1.2 OK for: vitest@2.1.9 want: ^1.1.2
370 silly placeDep ROOT std-env@3.10.0 OK for: vitest@2.1.9 want: ^3.8.0
371 silly placeDep ROOT tinybench@2.9.0 OK for: vitest@2.1.9 want: ^2.9.0
372 silly placeDep ROOT tinyexec@0.3.2 OK for: vitest@2.1.9 want: ^0.3.1
373 silly placeDep ROOT tinypool@1.1.1 OK for: vitest@2.1.9 want: ^1.0.1
374 silly placeDep ROOT tinyrainbow@1.2.0 OK for: vitest@2.1.9 want: ^1.2.0
375 silly placeDep ROOT vite-node@2.1.9 OK for: vitest@2.1.9 want: 2.1.9
376 silly placeDep ROOT why-is-node-running@2.3.0 OK for: vitest@2.1.9 want: ^2.3.0
377 silly fetch manifest estree-walker@^3.0.3
378 silly packumentCache full:https://registry.npmmirror.com/estree-walker cache-miss
379 silly fetch manifest tinyspy@^3.0.2
380 silly packumentCache full:https://registry.npmmirror.com/tinyspy cache-miss
381 silly fetch manifest loupe@^3.1.2
382 silly packumentCache full:https://registry.npmmirror.com/loupe cache-miss
383 silly fetch manifest assertion-error@^2.0.1
384 silly packumentCache full:https://registry.npmmirror.com/assertion-error cache-miss
385 silly fetch manifest check-error@^2.1.1
386 silly packumentCache full:https://registry.npmmirror.com/check-error cache-miss
387 silly fetch manifest deep-eql@^5.0.1
388 silly packumentCache full:https://registry.npmmirror.com/deep-eql cache-miss
389 silly fetch manifest loupe@^3.1.0
390 silly packumentCache full:https://registry.npmmirror.com/loupe cache-miss
391 silly fetch manifest pathval@^2.0.0
392 silly packumentCache full:https://registry.npmmirror.com/pathval cache-miss
393 silly fetch manifest cac@^6.7.14
394 silly packumentCache full:https://registry.npmmirror.com/cac cache-miss
395 silly fetch manifest es-module-lexer@^1.5.4
396 silly packumentCache full:https://registry.npmmirror.com/es-module-lexer cache-miss
397 silly fetch manifest siginfo@^2.0.0
398 silly packumentCache full:https://registry.npmmirror.com/siginfo cache-miss
399 silly fetch manifest stackback@0.0.2
400 silly packumentCache full:https://registry.npmmirror.com/stackback cache-miss
401 http fetch GET 200 https://registry.npmmirror.com/assertion-error 19ms (cache miss)
402 silly packumentCache full:https://registry.npmmirror.com/assertion-error set size:3866 disposed:false
403 http fetch GET 200 https://registry.npmmirror.com/pathval 21ms (cache miss)
404 silly packumentCache full:https://registry.npmmirror.com/pathval set size:6491 disposed:false
405 http fetch GET 200 https://registry.npmmirror.com/siginfo 25ms (cache miss)
406 silly packumentCache full:https://registry.npmmirror.com/siginfo set size:2369 disposed:false
407 http fetch GET 200 https://registry.npmmirror.com/stackback 26ms (cache miss)
408 silly packumentCache full:https://registry.npmmirror.com/stackback set size:1801 disposed:false
409 http fetch GET 200 https://registry.npmmirror.com/es-module-lexer 35ms (cache miss)
410 silly packumentCache full:https://registry.npmmirror.com/es-module-lexer set size:37250 disposed:false
411 http fetch GET 200 https://registry.npmmirror.com/tinyspy 42ms (cache miss)
412 silly packumentCache full:https://registry.npmmirror.com/tinyspy set size:39941 disposed:false
413 http fetch GET 200 https://registry.npmmirror.com/estree-walker 46ms (cache miss)
414 silly packumentCache full:https://registry.npmmirror.com/estree-walker set size:11874 disposed:false
415 http fetch GET 200 https://registry.npmmirror.com/loupe 46ms (cache miss)
416 silly packumentCache full:https://registry.npmmirror.com/loupe set size:31035 disposed:false
417 http fetch GET 200 https://registry.npmmirror.com/deep-eql 49ms (cache miss)
418 silly packumentCache full:https://registry.npmmirror.com/deep-eql set size:15338 disposed:false
419 http fetch GET 200 https://registry.npmmirror.com/cac 55ms (cache miss)
420 silly packumentCache full:https://registry.npmmirror.com/cac set size:48135 disposed:false
421 http fetch GET 200 https://registry.npmmirror.com/loupe 80ms (cache miss)
422 silly packumentCache full:https://registry.npmmirror.com/loupe set size:31035 disposed:false
423 silly packumentCache full:https://registry.npmmirror.com/loupe dispose
424 http fetch GET 200 https://registry.npmmirror.com/check-error 291ms (cache miss)
425 silly packumentCache full:https://registry.npmmirror.com/check-error set size:6246 disposed:false
426 silly placeDep ROOT estree-walker@3.0.3 OK for: @vitest/mocker@2.1.9 want: ^3.0.3
427 silly placeDep ROOT tinyspy@3.0.2 OK for: @vitest/spy@2.1.9 want: ^3.0.2
428 silly placeDep ROOT loupe@3.2.1 OK for: @vitest/utils@2.1.9 want: ^3.1.2
429 silly placeDep ROOT assertion-error@2.0.1 OK for: chai@5.3.3 want: ^2.0.1
430 silly placeDep ROOT check-error@2.1.3 OK for: chai@5.3.3 want: ^2.1.1
431 silly placeDep ROOT deep-eql@5.0.2 OK for: chai@5.3.3 want: ^5.0.1
432 silly placeDep ROOT pathval@2.0.1 OK for: chai@5.3.3 want: ^2.0.0
433 silly placeDep ROOT cac@6.7.14 OK for: vite-node@2.1.9 want: ^6.7.14
434 silly placeDep ROOT es-module-lexer@1.7.0 OK for: vite-node@2.1.9 want: ^1.5.4
435 silly placeDep ROOT iconv-lite@0.6.3 OK for: whatwg-encoding@3.1.1 want: 0.6.3
436 silly fetch manifest safer-buffer@>= 2.1.2 < 3.0.0
437 silly packumentCache full:https://registry.npmmirror.com/safer-buffer cache-miss
438 http fetch GET 200 https://registry.npmmirror.com/safer-buffer 20ms (cache miss)
439 silly packumentCache full:https://registry.npmmirror.com/safer-buffer set size:6036 disposed:false
440 silly placeDep ROOT safer-buffer@2.1.2 OK for: iconv-lite@0.6.3 want: >= 2.1.2 < 3.0.0
441 silly placeDep ROOT tr46@5.1.1 OK for: whatwg-url@14.2.0 want: ^5.1.0
442 silly fetch manifest punycode@^2.3.1
443 silly packumentCache full:https://registry.npmmirror.com/punycode cache-miss
444 http fetch GET 200 https://registry.npmmirror.com/punycode 21ms (cache miss)
445 silly packumentCache full:https://registry.npmmirror.com/punycode set size:14294 disposed:false
446 silly placeDep ROOT punycode@2.3.1 OK for: tr46@5.1.1 want: ^2.3.1
447 silly placeDep ROOT siginfo@2.0.0 OK for: why-is-node-running@2.3.0 want: ^2.0.0
448 silly placeDep ROOT stackback@0.0.2 OK for: why-is-node-running@2.3.0 want: 0.0.2
449 silly reify moves {}
450 silly audit bulk request {
450 silly audit   '@babel/code-frame': [ '7.29.0' ],
450 silly audit   '@babel/compat-data': [ '7.29.0' ],
450 silly audit   '@babel/core': [ '7.29.0' ],
450 silly audit   '@babel/generator': [ '7.29.1' ],
450 silly audit   '@babel/helper-compilation-targets': [ '7.28.6' ],
450 silly audit   '@babel/helper-globals': [ '7.28.0' ],
450 silly audit   '@babel/helper-module-imports': [ '7.28.6' ],
450 silly audit   '@babel/helper-module-transforms': [ '7.28.6' ],
450 silly audit   '@babel/helper-plugin-utils': [ '7.28.6' ],
450 silly audit   '@babel/helper-string-parser': [ '7.27.1' ],
450 silly audit   '@babel/helper-validator-identifier': [ '7.28.5' ],
450 silly audit   '@babel/helper-validator-option': [ '7.27.1' ],
450 silly audit   '@babel/helpers': [ '7.29.2' ],
450 silly audit   '@babel/parser': [ '7.29.2' ],
450 silly audit   '@babel/plugin-transform-react-jsx-self': [ '7.27.1' ],
450 silly audit   '@babel/plugin-transform-react-jsx-source': [ '7.27.1' ],
450 silly audit   '@babel/template': [ '7.28.6' ],
450 silly audit   '@babel/traverse': [ '7.29.0' ],
450 silly audit   '@babel/types': [ '7.29.0' ],
450 silly audit   '@esbuild/aix-ppc64': [ '0.21.5' ],
450 silly audit   '@esbuild/android-arm': [ '0.21.5' ],
450 silly audit   '@esbuild/android-arm64': [ '0.21.5' ],
450 silly audit   '@esbuild/android-x64': [ '0.21.5' ],
450 silly audit   '@esbuild/darwin-arm64': [ '0.21.5' ],
450 silly audit   '@esbuild/darwin-x64': [ '0.21.5' ],
450 silly audit   '@esbuild/freebsd-arm64': [ '0.21.5' ],
450 silly audit   '@esbuild/freebsd-x64': [ '0.21.5' ],
450 silly audit   '@esbuild/linux-arm': [ '0.21.5' ],
450 silly audit   '@esbuild/linux-arm64': [ '0.21.5' ],
450 silly audit   '@esbuild/linux-ia32': [ '0.21.5' ],
450 silly audit   '@esbuild/linux-loong64': [ '0.21.5' ],
450 silly audit   '@esbuild/linux-mips64el': [ '0.21.5' ],
450 silly audit   '@esbuild/linux-ppc64': [ '0.21.5' ],
450 silly audit   '@esbuild/linux-riscv64': [ '0.21.5' ],
450 silly audit   '@esbuild/linux-s390x': [ '0.21.5' ],
450 silly audit   '@esbuild/linux-x64': [ '0.21.5' ],
450 silly audit   '@esbuild/netbsd-x64': [ '0.21.5' ],
450 silly audit   '@esbuild/openbsd-x64': [ '0.21.5' ],
450 silly audit   '@esbuild/sunos-x64': [ '0.21.5' ],
450 silly audit   '@esbuild/win32-arm64': [ '0.21.5' ],
450 silly audit   '@esbuild/win32-ia32': [ '0.21.5' ],
450 silly audit   '@esbuild/win32-x64': [ '0.21.5' ],
450 silly audit   '@jridgewell/gen-mapping': [ '0.3.13' ],
450 silly audit   '@jridgewell/remapping': [ '2.3.5' ],
450 silly audit   '@jridgewell/resolve-uri': [ '3.1.2' ],
450 silly audit   '@jridgewell/sourcemap-codec': [ '1.5.5' ],
450 silly audit   '@jridgewell/trace-mapping': [ '0.3.31' ],
450 silly audit   '@rolldown/pluginutils': [ '1.0.0-beta.27' ],
450 silly audit   '@rollup/rollup-android-arm-eabi': [ '4.60.1' ],
450 silly audit   '@rollup/rollup-android-arm64': [ '4.60.1' ],
450 silly audit   '@rollup/rollup-darwin-arm64': [ '4.60.1' ],
450 silly audit   '@rollup/rollup-darwin-x64': [ '4.60.1' ],
450 silly audit   '@rollup/rollup-freebsd-arm64': [ '4.60.1' ],
450 silly audit   '@rollup/rollup-freebsd-x64': [ '4.60.1' ],
450 silly audit   '@rollup/rollup-linux-arm-gnueabihf': [ '4.60.1' ],
450 silly audit   '@rollup/rollup-linux-arm-musleabihf': [ '4.60.1' ],
450 silly audit   '@rollup/rollup-linux-arm64-gnu': [ '4.60.1' ],
450 silly audit   '@rollup/rollup-linux-arm64-musl': [ '4.60.1' ],
450 silly audit   '@rollup/rollup-linux-loong64-gnu': [ '4.60.1' ],
450 silly audit   '@rollup/rollup-linux-loong64-musl': [ '4.60.1' ],
450 silly audit   '@rollup/rollup-linux-ppc64-gnu': [ '4.60.1' ],
450 silly audit   '@rollup/rollup-linux-ppc64-musl': [ '4.60.1' ],
450 silly audit   '@rollup/rollup-linux-riscv64-gnu': [ '4.60.1' ],
450 silly audit   '@rollup/rollup-linux-riscv64-musl': [ '4.60.1' ],
450 silly audit   '@rollup/rollup-linux-s390x-gnu': [ '4.60.1' ],
450 silly audit   '@rollup/rollup-linux-x64-gnu': [ '4.60.1' ],
450 silly audit   '@rollup/rollup-linux-x64-musl': [ '4.60.1' ],
450 silly audit   '@rollup/rollup-openbsd-x64': [ '4.60.1' ],
450 silly audit   '@rollup/rollup-openharmony-arm64': [ '4.60.1' ],
450 silly audit   '@rollup/rollup-win32-arm64-msvc': [ '4.60.1' ],
450 silly audit   '@rollup/rollup-win32-ia32-msvc': [ '4.60.1' ],
450 silly audit   '@rollup/rollup-win32-x64-gnu': [ '4.60.1' ],
450 silly audit   '@rollup/rollup-win32-x64-msvc': [ '4.60.1' ],
450 silly audit   '@tauri-apps/api': [ '2.10.1' ],
450 silly audit   '@tauri-apps/cli': [ '2.10.1' ],
450 silly audit   '@tauri-apps/cli-darwin-arm64': [ '2.10.1' ],
450 silly audit   '@tauri-apps/cli-darwin-x64': [ '2.10.1' ],
450 silly audit   '@tauri-apps/cli-linux-arm-gnueabihf': [ '2.10.1' ],
450 silly audit   '@tauri-apps/cli-linux-arm64-gnu': [ '2.10.1' ],
450 silly audit   '@tauri-apps/cli-linux-arm64-musl': [ '2.10.1' ],
450 silly audit   '@tauri-apps/cli-linux-riscv64-gnu': [ '2.10.1' ],
450 silly audit   '@tauri-apps/cli-linux-x64-gnu': [ '2.10.1' ],
450 silly audit   '@tauri-apps/cli-linux-x64-musl': [ '2.10.1' ],
450 silly audit   '@tauri-apps/cli-win32-arm64-msvc': [ '2.10.1' ],
450 silly audit   '@tauri-apps/cli-win32-ia32-msvc': [ '2.10.1' ],
450 silly audit   '@tauri-apps/cli-win32-x64-msvc': [ '2.10.1' ],
450 silly audit   '@tauri-apps/plugin-fs': [ '2.4.5' ],
450 silly audit   '@tauri-apps/plugin-sql': [ '2.3.2' ],
450 silly audit   '@types/babel__core': [ '7.20.5' ],
450 silly audit   '@types/babel__generator': [ '7.27.0' ],
450 silly audit   '@types/babel__template': [ '7.4.4' ],
450 silly audit   '@types/babel__traverse': [ '7.28.0' ],
450 silly audit   '@types/estree': [ '1.0.8' ],
450 silly audit   '@types/prop-types': [ '15.7.15' ],
450 silly audit   '@types/react': [ '18.3.28' ],
450 silly audit   '@types/react-dom': [ '18.3.7' ],
450 silly audit   '@vitejs/plugin-react': [ '4.7.0' ],
450 silly audit   'baseline-browser-mapping': [ '2.10.12' ],
450 silly audit   browserslist: [ '4.28.2' ],
450 silly audit   'caniuse-lite': [ '1.0.30001782' ],
450 silly audit   'convert-source-map': [ '2.0.0' ],
450 silly audit   csstype: [ '3.2.3' ],
450 silly audit   debug: [ '4.4.3' ],
450 silly audit   'electron-to-chromium': [ '1.5.329' ],
450 silly audit   esbuild: [ '0.21.5' ],
450 silly audit   escalade: [ '3.2.0' ],
450 silly audit   fsevents: [ '2.3.3' ],
450 silly audit   gensync: [ '1.0.0-beta.2' ],
450 silly audit   'js-tokens': [ '4.0.0' ],
450 silly audit   jsesc: [ '3.1.0' ],
450 silly audit   json5: [ '2.2.3' ],
450 silly audit   'loose-envify': [ '1.4.0' ],
450 silly audit   'lru-cache': [ '5.1.1', '10.4.3' ],
450 silly audit   ms: [ '2.1.3' ],
450 silly audit   nanoid: [ '3.3.11' ],
450 silly audit   'node-releases': [ '2.0.36' ],
450 silly audit   picocolors: [ '1.1.1' ],
450 silly audit   postcss: [ '8.5.8' ],
450 silly audit   react: [ '18.3.1' ],
450 silly audit   'react-dom': [ '18.3.1' ],
450 silly audit   'react-refresh': [ '0.17.0' ],
450 silly audit   rollup: [ '4.60.1' ],
450 silly audit   scheduler: [ '0.23.2' ],
450 silly audit   semver: [ '6.3.1' ],
450 silly audit   'source-map-js': [ '1.2.1' ],
450 silly audit   typescript: [ '5.9.3' ],
450 silly audit   'update-browserslist-db': [ '1.2.3' ],
450 silly audit   'use-sync-external-store': [ '1.6.0' ],
450 silly audit   vite: [ '5.4.21' ],
450 silly audit   yallist: [ '3.1.1' ],
450 silly audit   zustand: [ '4.5.7' ],
450 silly audit   jsdom: [ '26.1.0' ],
450 silly audit   vitest: [ '2.1.9' ],
450 silly audit   cssstyle: [ '4.6.0' ],
450 silly audit   'data-urls': [ '5.0.0' ],
450 silly audit   'decimal.js': [ '10.6.0' ],
450 silly audit   'html-encoding-sniffer': [ '4.0.0' ],
450 silly audit   'http-proxy-agent': [ '7.0.2' ],
450 silly audit   'https-proxy-agent': [ '7.0.6' ],
450 silly audit   'is-potential-custom-element-name': [ '1.0.1' ],
450 silly audit   nwsapi: [ '2.2.23' ],
450 silly audit   parse5: [ '7.3.0' ],
450 silly audit   'rrweb-cssom': [ '0.8.0' ],
450 silly audit   saxes: [ '6.0.0' ],
450 silly audit   'symbol-tree': [ '3.2.4' ],
450 silly audit   'tough-cookie': [ '5.1.2' ],
450 silly audit   'w3c-xmlserializer': [ '5.0.0' ],
450 silly audit   'webidl-conversions': [ '7.0.0' ],
450 silly audit   'whatwg-encoding': [ '3.1.1' ],
450 silly audit   'whatwg-mimetype': [ '4.0.0' ],
450 silly audit   'whatwg-url': [ '14.2.0' ],
450 silly audit   ws: [ '8.20.0' ],
450 silly audit   'xml-name-validator': [ '5.0.0' ],
450 silly audit   '@asamuzakjp/css-color': [ '3.2.0' ],
450 silly audit   '@csstools/css-calc': [ '2.1.4' ],
450 silly audit   '@csstools/css-parser-algorithms': [ '3.0.5' ],
450 silly audit   '@csstools/css-tokenizer': [ '3.0.4' ],
450 silly audit   '@csstools/css-color-parser': [ '3.1.0' ],
450 silly audit   '@csstools/color-helpers': [ '5.1.0' ],
450 silly audit   'agent-base': [ '7.1.4' ],
450 silly audit   entities: [ '6.0.1' ],
450 silly audit   xmlchars: [ '2.2.0' ],
450 silly audit   tldts: [ '6.1.86' ],
450 silly audit   'tldts-core': [ '6.1.86' ],
450 silly audit   '@vitest/expect': [ '2.1.9' ],
450 silly audit   '@vitest/mocker': [ '2.1.9' ],
450 silly audit   '@vitest/pretty-format': [ '2.1.9' ],
450 silly audit   '@vitest/runner': [ '2.1.9' ],
450 silly audit   '@vitest/snapshot': [ '2.1.9' ],
450 silly audit   '@vitest/spy': [ '2.1.9' ],
450 silly audit   '@vitest/utils': [ '2.1.9' ],
450 silly audit   chai: [ '5.3.3' ],
450 silly audit   'expect-type': [ '1.3.0' ],
450 silly audit   'magic-string': [ '0.30.21' ],
450 silly audit   pathe: [ '1.1.2' ],
450 silly audit   'std-env': [ '3.10.0' ],
450 silly audit   tinybench: [ '2.9.0' ],
450 silly audit   tinyexec: [ '0.3.2' ],
450 silly audit   tinypool: [ '1.1.1' ],
450 silly audit   tinyrainbow: [ '1.2.0' ],
450 silly audit   'vite-node': [ '2.1.9' ],
450 silly audit   'why-is-node-running': [ '2.3.0' ],
450 silly audit   'estree-walker': [ '3.0.3' ],
450 silly audit   tinyspy: [ '3.0.2' ],
450 silly audit   loupe: [ '3.2.1' ],
450 silly audit   'assertion-error': [ '2.0.1' ],
450 silly audit   'check-error': [ '2.1.3' ],
450 silly audit   'deep-eql': [ '5.0.2' ],
450 silly audit   pathval: [ '2.0.1' ],
450 silly audit   cac: [ '6.7.14' ],
450 silly audit   'es-module-lexer': [ '1.7.0' ],
450 silly audit   'iconv-lite': [ '0.6.3' ],
450 silly audit   'safer-buffer': [ '2.1.2' ],
450 silly audit   tr46: [ '5.1.1' ],
450 silly audit   punycode: [ '2.3.1' ],
450 silly audit   siginfo: [ '2.0.0' ],
450 silly audit   stackback: [ '0.0.2' ]
450 silly audit }
451 http fetch POST 404 https://registry.npmmirror.com/-/npm/v1/security/advisories/bulk 20ms
452 verbose audit error HttpErrorGeneral: 404 Not Found - POST https://registry.npmmirror.com/-/npm/v1/security/advisories/bulk - [NOT_IMPLEMENTED] /-/npm/v1/security/* not implemented yet
452 verbose audit error     at C:\Program Files\nodejs\node_global\node_modules\npm\node_modules\npm-registry-fetch\lib\check-response.js:103:15
452 verbose audit error     at process.processTicksAndRejections (node:internal/process/task_queues:103:5)
452 verbose audit error     at async #getReport (C:\Program Files\nodejs\node_global\node_modules\npm\node_modules\@npmcli\arborist\lib\audit-report.js:275:19)
452 verbose audit error     at async AuditReport.run (C:\Program Files\nodejs\node_global\node_modules\npm\node_modules\@npmcli\arborist\lib\audit-report.js:100:19) {
452 verbose audit error   headers: [Object: null prototype] {
452 verbose audit error     server: [ 'Tengine' ],
452 verbose audit error     date: [ 'Wed, 01 Apr 2026 05:24:48 GMT' ],
452 verbose audit error     'content-type': [ 'application/json' ],
452 verbose audit error     'transfer-encoding': [ 'chunked' ],
452 verbose audit error     connection: [ 'keep-alive' ],
452 verbose audit error     'strict-transport-security': [ 'max-age=5184000' ],
452 verbose audit error     via: [ 'kunlun8.cn5212[,404666]' ],
452 verbose audit error     'timing-allow-origin': [ '*' ],
452 verbose audit error     eagleid: [ '7ae4df1c17750210886862007e' ],
452 verbose audit error     'x-fetch-attempts': [ '1' ]
452 verbose audit error   },
452 verbose audit error   statusCode: 404,
452 verbose audit error   code: 'E404',
452 verbose audit error   method: 'POST',
452 verbose audit error   uri: 'https://registry.npmmirror.com/-/npm/v1/security/advisories/bulk',
452 verbose audit error   body: {
452 verbose audit error     error: '[NOT_IMPLEMENTED] /-/npm/v1/security/* not implemented yet'
452 verbose audit error   },
452 verbose audit error   pkgid: undefined
452 verbose audit error }
453 silly audit error [object Object]
454 silly audit report null
455 http cache stackback@https://registry.npmmirror.com/stackback/-/stackback-0.0.2.tgz 0ms (cache hit)
456 http cache safer-buffer@https://registry.npmmirror.com/safer-buffer/-/safer-buffer-2.1.2.tgz 0ms (cache hit)
457 http cache punycode@https://registry.npmmirror.com/punycode/-/punycode-2.3.1.tgz 0ms (cache hit)
458 http cache iconv-lite@https://registry.npmmirror.com/iconv-lite/-/iconv-lite-0.6.3.tgz 0ms (cache hit)
459 http cache tr46@https://registry.npmmirror.com/tr46/-/tr46-5.1.1.tgz 0ms (cache hit)
460 http cache es-module-lexer@https://registry.npmmirror.com/es-module-lexer/-/es-module-lexer-1.7.0.tgz 0ms (cache hit)
461 http cache siginfo@https://registry.npmmirror.com/siginfo/-/siginfo-2.0.0.tgz 0ms (cache hit)
462 http cache cac@https://registry.npmmirror.com/cac/-/cac-6.7.14.tgz 0ms (cache hit)
463 http cache pathval@https://registry.npmmirror.com/pathval/-/pathval-2.0.1.tgz 0ms (cache hit)
464 http cache check-error@https://registry.npmmirror.com/check-error/-/check-error-2.1.3.tgz 0ms (cache hit)
465 http cache deep-eql@https://registry.npmmirror.com/deep-eql/-/deep-eql-5.0.2.tgz 0ms (cache hit)
466 http cache assertion-error@https://registry.npmmirror.com/assertion-error/-/assertion-error-2.0.1.tgz 0ms (cache hit)
467 http cache loupe@https://registry.npmmirror.com/loupe/-/loupe-3.2.1.tgz 0ms (cache hit)
468 http cache tinyspy@https://registry.npmmirror.com/tinyspy/-/tinyspy-3.0.2.tgz 0ms (cache hit)
469 http cache estree-walker@https://registry.npmmirror.com/estree-walker/-/estree-walker-3.0.3.tgz 0ms (cache hit)
470 http cache why-is-node-running@https://registry.npmmirror.com/why-is-node-running/-/why-is-node-running-2.3.0.tgz 0ms (cache hit)
471 http cache tinypool@https://registry.npmmirror.com/tinypool/-/tinypool-1.1.1.tgz 0ms (cache hit)
472 http cache tinyrainbow@https://registry.npmmirror.com/tinyrainbow/-/tinyrainbow-1.2.0.tgz 0ms (cache hit)
473 http cache vite-node@https://registry.npmmirror.com/vite-node/-/vite-node-2.1.9.tgz 0ms (cache hit)
474 http cache tinyexec@https://registry.npmmirror.com/tinyexec/-/tinyexec-0.3.2.tgz 0ms (cache hit)
475 http cache tinybench@https://registry.npmmirror.com/tinybench/-/tinybench-2.9.0.tgz 0ms (cache hit)
476 http cache std-env@https://registry.npmmirror.com/std-env/-/std-env-3.10.0.tgz 1ms (cache hit)
477 http cache pathe@https://registry.npmmirror.com/pathe/-/pathe-1.1.2.tgz 0ms (cache hit)
478 http cache @vitest/spy@https://registry.npmmirror.com/@vitest/spy/-/spy-2.1.9.tgz 0ms (cache hit)
479 http cache expect-type@https://registry.npmmirror.com/expect-type/-/expect-type-1.3.0.tgz 0ms (cache hit)
480 http cache @vitest/utils@https://registry.npmmirror.com/@vitest/utils/-/utils-2.1.9.tgz 0ms (cache hit)
481 http cache chai@https://registry.npmmirror.com/chai/-/chai-5.3.3.tgz 0ms (cache hit)
482 http cache magic-string@https://registry.npmmirror.com/magic-string/-/magic-string-0.30.21.tgz 0ms (cache hit)
483 http cache @vitest/snapshot@https://registry.npmmirror.com/@vitest/snapshot/-/snapshot-2.1.9.tgz 0ms (cache hit)
484 http cache @vitest/mocker@https://registry.npmmirror.com/@vitest/mocker/-/mocker-2.1.9.tgz 0ms (cache hit)
485 http cache @vitest/runner@https://registry.npmmirror.com/@vitest/runner/-/runner-2.1.9.tgz 0ms (cache hit)
486 http cache @vitest/pretty-format@https://registry.npmmirror.com/@vitest/pretty-format/-/pretty-format-2.1.9.tgz 0ms (cache hit)
487 http cache @vitest/expect@https://registry.npmmirror.com/@vitest/expect/-/expect-2.1.9.tgz 0ms (cache hit)
488 http cache tldts-core@https://registry.npmmirror.com/tldts-core/-/tldts-core-6.1.86.tgz 0ms (cache hit)
489 http cache entities@https://registry.npmmirror.com/entities/-/entities-6.0.1.tgz 0ms (cache hit)
490 http cache xmlchars@https://registry.npmmirror.com/xmlchars/-/xmlchars-2.2.0.tgz 0ms (cache hit)
491 http cache agent-base@https://registry.npmmirror.com/agent-base/-/agent-base-7.1.4.tgz 0ms (cache hit)
492 http cache @csstools/color-helpers@https://registry.npmmirror.com/@csstools/color-helpers/-/color-helpers-5.1.0.tgz 0ms (cache hit)
493 http cache tldts@https://registry.npmmirror.com/tldts/-/tldts-6.1.86.tgz 0ms (cache hit)
494 http cache @csstools/css-color-parser@https://registry.npmmirror.com/@csstools/css-color-parser/-/css-color-parser-3.1.0.tgz 0ms (cache hit)
495 http cache @csstools/css-parser-algorithms@https://registry.npmmirror.com/@csstools/css-parser-algorithms/-/css-parser-algorithms-3.0.5.tgz 0ms (cache hit)
496 http cache @csstools/css-tokenizer@https://registry.npmmirror.com/@csstools/css-tokenizer/-/css-tokenizer-3.0.4.tgz 0ms (cache hit)
497 http cache @csstools/css-calc@https://registry.npmmirror.com/@csstools/css-calc/-/css-calc-2.1.4.tgz 0ms (cache hit)
498 http cache @asamuzakjp/css-color@https://registry.npmmirror.com/@asamuzakjp/css-color/-/css-color-3.2.0.tgz 0ms (cache hit)
499 http cache xml-name-validator@https://registry.npmmirror.com/xml-name-validator/-/xml-name-validator-5.0.0.tgz 0ms (cache hit)
500 http cache ws@https://registry.npmmirror.com/ws/-/ws-8.20.0.tgz 0ms (cache hit)
501 http cache whatwg-url@https://registry.npmmirror.com/whatwg-url/-/whatwg-url-14.2.0.tgz 0ms (cache hit)
502 http cache whatwg-mimetype@https://registry.npmmirror.com/whatwg-mimetype/-/whatwg-mimetype-4.0.0.tgz 0ms (cache hit)
503 http cache webidl-conversions@https://registry.npmmirror.com/webidl-conversions/-/webidl-conversions-7.0.0.tgz 0ms (cache hit)
504 http cache tough-cookie@https://registry.npmmirror.com/tough-cookie/-/tough-cookie-5.1.2.tgz 0ms (cache hit)
505 http cache symbol-tree@https://registry.npmmirror.com/symbol-tree/-/symbol-tree-3.2.4.tgz 0ms (cache hit)
506 http cache whatwg-encoding@https://registry.npmmirror.com/whatwg-encoding/-/whatwg-encoding-3.1.1.tgz 0ms (cache hit)
507 http cache w3c-xmlserializer@https://registry.npmmirror.com/w3c-xmlserializer/-/w3c-xmlserializer-5.0.0.tgz 0ms (cache hit)
508 http cache saxes@https://registry.npmmirror.com/saxes/-/saxes-6.0.0.tgz 0ms (cache hit)
509 http cache rrweb-cssom@https://registry.npmmirror.com/rrweb-cssom/-/rrweb-cssom-0.8.0.tgz 0ms (cache hit)
510 http cache nwsapi@https://registry.npmmirror.com/nwsapi/-/nwsapi-2.2.23.tgz 0ms (cache hit)
511 http cache parse5@https://registry.npmmirror.com/parse5/-/parse5-7.3.0.tgz 0ms (cache hit)
512 http cache is-potential-custom-element-name@https://registry.npmmirror.com/is-potential-custom-element-name/-/is-potential-custom-element-name-1.0.1.tgz 0ms (cache hit)
513 http cache https-proxy-agent@https://registry.npmmirror.com/https-proxy-agent/-/https-proxy-agent-7.0.6.tgz 0ms (cache hit)
514 http cache http-proxy-agent@https://registry.npmmirror.com/http-proxy-agent/-/http-proxy-agent-7.0.2.tgz 0ms (cache hit)
515 http cache html-encoding-sniffer@https://registry.npmmirror.com/html-encoding-sniffer/-/html-encoding-sniffer-4.0.0.tgz 0ms (cache hit)
516 http cache decimal.js@https://registry.npmmirror.com/decimal.js/-/decimal.js-10.6.0.tgz 0ms (cache hit)
517 http cache vitest@https://registry.npmmirror.com/vitest/-/vitest-2.1.9.tgz 0ms (cache hit)
518 http cache cssstyle@https://registry.npmmirror.com/cssstyle/-/cssstyle-4.6.0.tgz 0ms (cache hit)
519 silly tarball no local data for stackback@https://registry.npmmirror.com/stackback/-/stackback-0.0.2.tgz. Extracting by manifest.
520 http cache data-urls@https://registry.npmmirror.com/data-urls/-/data-urls-5.0.0.tgz 0ms (cache hit)
521 http cache lru-cache@https://registry.npmmirror.com/lru-cache/-/lru-cache-10.4.3.tgz 0ms (cache hit)
522 http cache jsdom@https://registry.npmmirror.com/jsdom/-/jsdom-26.1.0.tgz 0ms (cache hit)
523 silly tarball no local data for safer-buffer@https://registry.npmmirror.com/safer-buffer/-/safer-buffer-2.1.2.tgz. Extracting by manifest.
524 silly tarball no local data for punycode@https://registry.npmmirror.com/punycode/-/punycode-2.3.1.tgz. Extracting by manifest.
525 silly tarball no local data for iconv-lite@https://registry.npmmirror.com/iconv-lite/-/iconv-lite-0.6.3.tgz. Extracting by manifest.
526 silly tarball no local data for tr46@https://registry.npmmirror.com/tr46/-/tr46-5.1.1.tgz. Extracting by manifest.
527 silly tarball no local data for es-module-lexer@https://registry.npmmirror.com/es-module-lexer/-/es-module-lexer-1.7.0.tgz. Extracting by manifest.
528 silly tarball no local data for siginfo@https://registry.npmmirror.com/siginfo/-/siginfo-2.0.0.tgz. Extracting by manifest.
529 silly tarball no local data for cac@https://registry.npmmirror.com/cac/-/cac-6.7.14.tgz. Extracting by manifest.
530 silly tarball no local data for pathval@https://registry.npmmirror.com/pathval/-/pathval-2.0.1.tgz. Extracting by manifest.
531 silly tarball no local data for check-error@https://registry.npmmirror.com/check-error/-/check-error-2.1.3.tgz. Extracting by manifest.
532 silly tarball no local data for deep-eql@https://registry.npmmirror.com/deep-eql/-/deep-eql-5.0.2.tgz. Extracting by manifest.
533 silly tarball no local data for assertion-error@https://registry.npmmirror.com/assertion-error/-/assertion-error-2.0.1.tgz. Extracting by manifest.
534 silly tarball no local data for loupe@https://registry.npmmirror.com/loupe/-/loupe-3.2.1.tgz. Extracting by manifest.
535 silly tarball no local data for tinyspy@https://registry.npmmirror.com/tinyspy/-/tinyspy-3.0.2.tgz. Extracting by manifest.
536 silly tarball no local data for estree-walker@https://registry.npmmirror.com/estree-walker/-/estree-walker-3.0.3.tgz. Extracting by manifest.
537 silly tarball no local data for why-is-node-running@https://registry.npmmirror.com/why-is-node-running/-/why-is-node-running-2.3.0.tgz. Extracting by manifest.
538 silly tarball no local data for tinypool@https://registry.npmmirror.com/tinypool/-/tinypool-1.1.1.tgz. Extracting by manifest.
539 silly tarball no local data for tinyrainbow@https://registry.npmmirror.com/tinyrainbow/-/tinyrainbow-1.2.0.tgz. Extracting by manifest.
540 silly tarball no local data for vite-node@https://registry.npmmirror.com/vite-node/-/vite-node-2.1.9.tgz. Extracting by manifest.
541 silly tarball no local data for tinyexec@https://registry.npmmirror.com/tinyexec/-/tinyexec-0.3.2.tgz. Extracting by manifest.
542 silly tarball no local data for tinybench@https://registry.npmmirror.com/tinybench/-/tinybench-2.9.0.tgz. Extracting by manifest.
543 silly tarball no local data for std-env@https://registry.npmmirror.com/std-env/-/std-env-3.10.0.tgz. Extracting by manifest.
544 silly tarball no local data for pathe@https://registry.npmmirror.com/pathe/-/pathe-1.1.2.tgz. Extracting by manifest.
545 silly tarball no local data for @vitest/spy@https://registry.npmmirror.com/@vitest/spy/-/spy-2.1.9.tgz. Extracting by manifest.
546 silly tarball no local data for expect-type@https://registry.npmmirror.com/expect-type/-/expect-type-1.3.0.tgz. Extracting by manifest.
547 silly tarball no local data for @vitest/utils@https://registry.npmmirror.com/@vitest/utils/-/utils-2.1.9.tgz. Extracting by manifest.
548 silly tarball no local data for chai@https://registry.npmmirror.com/chai/-/chai-5.3.3.tgz. Extracting by manifest.
549 silly tarball no local data for magic-string@https://registry.npmmirror.com/magic-string/-/magic-string-0.30.21.tgz. Extracting by manifest.
550 silly tarball no local data for @vitest/snapshot@https://registry.npmmirror.com/@vitest/snapshot/-/snapshot-2.1.9.tgz. Extracting by manifest.
551 silly tarball no local data for @vitest/mocker@https://registry.npmmirror.com/@vitest/mocker/-/mocker-2.1.9.tgz. Extracting by manifest.
552 silly tarball no local data for @vitest/runner@https://registry.npmmirror.com/@vitest/runner/-/runner-2.1.9.tgz. Extracting by manifest.
553 silly tarball no local data for @vitest/pretty-format@https://registry.npmmirror.com/@vitest/pretty-format/-/pretty-format-2.1.9.tgz. Extracting by manifest.
554 silly tarball no local data for @vitest/expect@https://registry.npmmirror.com/@vitest/expect/-/expect-2.1.9.tgz. Extracting by manifest.
555 silly tarball no local data for tldts-core@https://registry.npmmirror.com/tldts-core/-/tldts-core-6.1.86.tgz. Extracting by manifest.
556 silly tarball no local data for entities@https://registry.npmmirror.com/entities/-/entities-6.0.1.tgz. Extracting by manifest.
557 silly tarball no local data for xmlchars@https://registry.npmmirror.com/xmlchars/-/xmlchars-2.2.0.tgz. Extracting by manifest.
558 silly tarball no local data for agent-base@https://registry.npmmirror.com/agent-base/-/agent-base-7.1.4.tgz. Extracting by manifest.
559 silly tarball no local data for @csstools/color-helpers@https://registry.npmmirror.com/@csstools/color-helpers/-/color-helpers-5.1.0.tgz. Extracting by manifest.
560 silly tarball no local data for tldts@https://registry.npmmirror.com/tldts/-/tldts-6.1.86.tgz. Extracting by manifest.
561 silly tarball no local data for @csstools/css-color-parser@https://registry.npmmirror.com/@csstools/css-color-parser/-/css-color-parser-3.1.0.tgz. Extracting by manifest.
562 silly tarball no local data for @csstools/css-parser-algorithms@https://registry.npmmirror.com/@csstools/css-parser-algorithms/-/css-parser-algorithms-3.0.5.tgz. Extracting by manifest.
563 silly tarball no local data for @csstools/css-tokenizer@https://registry.npmmirror.com/@csstools/css-tokenizer/-/css-tokenizer-3.0.4.tgz. Extracting by manifest.
564 silly tarball no local data for @csstools/css-calc@https://registry.npmmirror.com/@csstools/css-calc/-/css-calc-2.1.4.tgz. Extracting by manifest.
565 silly tarball no local data for @asamuzakjp/css-color@https://registry.npmmirror.com/@asamuzakjp/css-color/-/css-color-3.2.0.tgz. Extracting by manifest.
566 silly tarball no local data for xml-name-validator@https://registry.npmmirror.com/xml-name-validator/-/xml-name-validator-5.0.0.tgz. Extracting by manifest.
567 silly tarball no local data for ws@https://registry.npmmirror.com/ws/-/ws-8.20.0.tgz. Extracting by manifest.
568 silly tarball no local data for whatwg-url@https://registry.npmmirror.com/whatwg-url/-/whatwg-url-14.2.0.tgz. Extracting by manifest.
569 silly tarball no local data for whatwg-mimetype@https://registry.npmmirror.com/whatwg-mimetype/-/whatwg-mimetype-4.0.0.tgz. Extracting by manifest.
570 silly tarball no local data for webidl-conversions@https://registry.npmmirror.com/webidl-conversions/-/webidl-conversions-7.0.0.tgz. Extracting by manifest.
571 silly tarball no local data for tough-cookie@https://registry.npmmirror.com/tough-cookie/-/tough-cookie-5.1.2.tgz. Extracting by manifest.
572 silly tarball no local data for symbol-tree@https://registry.npmmirror.com/symbol-tree/-/symbol-tree-3.2.4.tgz. Extracting by manifest.
573 silly tarball no local data for whatwg-encoding@https://registry.npmmirror.com/whatwg-encoding/-/whatwg-encoding-3.1.1.tgz. Extracting by manifest.
574 silly tarball no local data for w3c-xmlserializer@https://registry.npmmirror.com/w3c-xmlserializer/-/w3c-xmlserializer-5.0.0.tgz. Extracting by manifest.
575 silly tarball no local data for saxes@https://registry.npmmirror.com/saxes/-/saxes-6.0.0.tgz. Extracting by manifest.
576 silly tarball no local data for rrweb-cssom@https://registry.npmmirror.com/rrweb-cssom/-/rrweb-cssom-0.8.0.tgz. Extracting by manifest.
577 silly tarball no local data for nwsapi@https://registry.npmmirror.com/nwsapi/-/nwsapi-2.2.23.tgz. Extracting by manifest.
578 silly tarball no local data for parse5@https://registry.npmmirror.com/parse5/-/parse5-7.3.0.tgz. Extracting by manifest.
579 silly tarball no local data for is-potential-custom-element-name@https://registry.npmmirror.com/is-potential-custom-element-name/-/is-potential-custom-element-name-1.0.1.tgz. Extracting by manifest.
580 silly tarball no local data for https-proxy-agent@https://registry.npmmirror.com/https-proxy-agent/-/https-proxy-agent-7.0.6.tgz. Extracting by manifest.
581 silly tarball no local data for http-proxy-agent@https://registry.npmmirror.com/http-proxy-agent/-/http-proxy-agent-7.0.2.tgz. Extracting by manifest.
582 silly tarball no local data for html-encoding-sniffer@https://registry.npmmirror.com/html-encoding-sniffer/-/html-encoding-sniffer-4.0.0.tgz. Extracting by manifest.
583 silly tarball no local data for decimal.js@https://registry.npmmirror.com/decimal.js/-/decimal.js-10.6.0.tgz. Extracting by manifest.
584 silly tarball no local data for vitest@https://registry.npmmirror.com/vitest/-/vitest-2.1.9.tgz. Extracting by manifest.
585 silly tarball no local data for cssstyle@https://registry.npmmirror.com/cssstyle/-/cssstyle-4.6.0.tgz. Extracting by manifest.
586 silly tarball no local data for data-urls@https://registry.npmmirror.com/data-urls/-/data-urls-5.0.0.tgz. Extracting by manifest.
587 silly tarball no local data for lru-cache@https://registry.npmmirror.com/lru-cache/-/lru-cache-10.4.3.tgz. Extracting by manifest.
588 silly tarball no local data for jsdom@https://registry.npmmirror.com/jsdom/-/jsdom-26.1.0.tgz. Extracting by manifest.
589 http fetch GET 200 https://cdn.npmmirror.com/packages/check-error/2.1.3/check-error-2.1.3.tgz 365ms (cache miss)
590 http fetch GET 200 https://cdn.npmmirror.com/packages/pathval/2.0.1/pathval-2.0.1.tgz 375ms (cache miss)
591 http fetch GET 200 https://cdn.npmmirror.com/packages/punycode/2.3.1/punycode-2.3.1.tgz 385ms (cache miss)
592 http fetch GET 200 https://cdn.npmmirror.com/packages/estree-walker/3.0.3/estree-walker-3.0.3.tgz 380ms (cache miss)
593 http fetch GET 200 https://cdn.npmmirror.com/packages/safer-buffer/2.1.2/safer-buffer-2.1.2.tgz 389ms (cache miss)
594 http fetch GET 200 https://cdn.npmmirror.com/packages/tinyrainbow/1.2.0/tinyrainbow-1.2.0.tgz 381ms (cache miss)
595 http fetch GET 200 https://cdn.npmmirror.com/packages/deep-eql/5.0.2/deep-eql-5.0.2.tgz 392ms (cache miss)
596 http fetch GET 200 https://cdn.npmmirror.com/packages/stackback/0.0.2/stackback-0.0.2.tgz 400ms (cache miss)
597 http fetch GET 200 https://cdn.npmmirror.com/packages/assertion-error/2.0.1/assertion-error-2.0.1.tgz 399ms (cache miss)
598 http fetch GET 200 https://cdn.npmmirror.com/packages/tinybench/2.9.0/tinybench-2.9.0.tgz 396ms (cache miss)
599 http fetch GET 200 https://cdn.npmmirror.com/packages/tinyspy/3.0.2/tinyspy-3.0.2.tgz 407ms (cache miss)
600 http fetch GET 200 https://cdn.npmmirror.com/packages/why-is-node-running/2.3.0/why-is-node-running-2.3.0.tgz 419ms (cache miss)
601 http fetch GET 200 https://cdn.npmmirror.com/packages/%40vitest/spy/2.1.9/spy-2.1.9.tgz 426ms (cache miss)
602 http fetch GET 200 https://cdn.npmmirror.com/packages/siginfo/2.0.0/siginfo-2.0.0.tgz 467ms (cache miss)
603 http fetch GET 200 https://cdn.npmmirror.com/packages/%40vitest/pretty-format/2.1.9/pretty-format-2.1.9.tgz 460ms (cache miss)
604 http fetch GET 200 https://cdn.npmmirror.com/packages/xml-name-validator/5.0.0/xml-name-validator-5.0.0.tgz 471ms (cache miss)
605 http fetch GET 200 https://cdn.npmmirror.com/packages/webidl-conversions/7.0.0/webidl-conversions-7.0.0.tgz 474ms (cache miss)
606 http fetch GET 200 https://cdn.npmmirror.com/packages/https-proxy-agent/7.0.6/https-proxy-agent-7.0.6.tgz 471ms (cache miss)
607 http fetch GET 200 https://cdn.npmmirror.com/packages/is-potential-custom-element-name/1.0.1/is-potential-custom-element-name-1.0.1.tgz 479ms (cache miss)
608 http fetch GET 200 https://cdn.npmmirror.com/packages/http-proxy-agent/7.0.2/http-proxy-agent-7.0.2.tgz 483ms (cache miss)
609 http fetch GET 200 https://cdn.npmmirror.com/packages/data-urls/5.0.0/data-urls-5.0.0.tgz 497ms (cache miss)
610 http fetch GET 200 https://cdn.npmmirror.com/packages/tinyexec/0.3.2/tinyexec-0.3.2.tgz 528ms (cache miss)
611 http fetch GET 200 https://cdn.npmmirror.com/packages/w3c-xmlserializer/5.0.0/w3c-xmlserializer-5.0.0.tgz 515ms (cache miss)
612 http fetch GET 200 https://cdn.npmmirror.com/packages/whatwg-encoding/3.1.1/whatwg-encoding-3.1.1.tgz 524ms (cache miss)
613 http fetch GET 200 https://cdn.npmmirror.com/packages/%40csstools/css-parser-algorithms/3.0.5/css-parser-algorithms-3.0.5.tgz 534ms (cache miss)
614 http fetch GET 200 https://cdn.npmmirror.com/packages/%40csstools/color-helpers/5.1.0/color-helpers-5.1.0.tgz 536ms (cache miss)
615 http fetch GET 200 https://cdn.npmmirror.com/packages/std-env/3.10.0/std-env-3.10.0.tgz 545ms (cache miss)
616 warn deprecated whatwg-encoding@3.1.1: Use @exodus/bytes instead for a more spec-conformant and faster implementation
617 http fetch GET 200 https://cdn.npmmirror.com/packages/%40csstools/css-calc/2.1.4/css-calc-2.1.4.tgz 537ms (cache miss)
618 http fetch GET 200 https://cdn.npmmirror.com/packages/es-module-lexer/1.7.0/es-module-lexer-1.7.0.tgz 564ms (cache miss)
619 http fetch GET 200 https://cdn.npmmirror.com/packages/%40csstools/css-color-parser/3.1.0/css-color-parser-3.1.0.tgz 563ms (cache miss)
620 http fetch GET 200 https://cdn.npmmirror.com/packages/tr46/5.1.1/tr46-5.1.1.tgz 583ms (cache miss)
621 http fetch GET 200 https://cdn.npmmirror.com/packages/%40vitest/expect/2.1.9/expect-2.1.9.tgz 574ms (cache miss)
622 http fetch GET 200 https://cdn.npmmirror.com/packages/symbol-tree/3.2.4/symbol-tree-3.2.4.tgz 565ms (cache miss)
623 http fetch GET 200 https://cdn.npmmirror.com/packages/whatwg-mimetype/4.0.0/whatwg-mimetype-4.0.0.tgz 567ms (cache miss)
624 http fetch GET 200 https://cdn.npmmirror.com/packages/saxes/6.0.0/saxes-6.0.0.tgz 571ms (cache miss)
625 http fetch GET 200 https://cdn.npmmirror.com/packages/%40csstools/css-tokenizer/3.0.4/css-tokenizer-3.0.4.tgz 584ms (cache miss)
626 http fetch GET 200 https://cdn.npmmirror.com/packages/decimal.js/10.6.0/decimal.js-10.6.0.tgz 579ms (cache miss)
627 http fetch GET 200 https://cdn.npmmirror.com/packages/html-encoding-sniffer/4.0.0/html-encoding-sniffer-4.0.0.tgz 588ms (cache miss)
628 http fetch GET 200 https://cdn.npmmirror.com/packages/agent-base/7.1.4/agent-base-7.1.4.tgz 612ms (cache miss)
629 http fetch GET 200 https://cdn.npmmirror.com/packages/%40vitest/snapshot/2.1.9/snapshot-2.1.9.tgz 620ms (cache miss)
630 http fetch GET 200 https://cdn.npmmirror.com/packages/%40vitest/runner/2.1.9/runner-2.1.9.tgz 622ms (cache miss)
631 http fetch GET 200 https://cdn.npmmirror.com/packages/nwsapi/2.2.23/nwsapi-2.2.23.tgz 611ms (cache miss)
632 http fetch GET 200 https://cdn.npmmirror.com/packages/cac/6.7.14/cac-6.7.14.tgz 639ms (cache miss)
633 http fetch GET 200 https://cdn.npmmirror.com/packages/expect-type/1.3.0/expect-type-1.3.0.tgz 636ms (cache miss)
634 http fetch GET 200 https://cdn.npmmirror.com/packages/tinypool/1.1.1/tinypool-1.1.1.tgz 645ms (cache miss)
635 http fetch GET 200 https://cdn.npmmirror.com/packages/pathe/1.1.2/pathe-1.1.2.tgz 646ms (cache miss)
636 http fetch GET 200 https://cdn.npmmirror.com/packages/magic-string/0.30.21/magic-string-0.30.21.tgz 644ms (cache miss)
637 http fetch GET 200 https://cdn.npmmirror.com/packages/whatwg-url/14.2.0/whatwg-url-14.2.0.tgz 644ms (cache miss)
638 http fetch GET 200 https://cdn.npmmirror.com/packages/%40vitest/utils/2.1.9/utils-2.1.9.tgz 669ms (cache miss)
639 http fetch GET 200 https://cdn.npmmirror.com/packages/ws/8.20.0/ws-8.20.0.tgz 665ms (cache miss)
640 http fetch GET 200 https://cdn.npmmirror.com/packages/xmlchars/2.2.0/xmlchars-2.2.0.tgz 671ms (cache miss)
641 http fetch GET 200 https://cdn.npmmirror.com/packages/%40vitest/mocker/2.1.9/mocker-2.1.9.tgz 682ms (cache miss)
642 http fetch GET 200 https://cdn.npmmirror.com/packages/rrweb-cssom/0.8.0/rrweb-cssom-0.8.0.tgz 709ms (cache miss)
643 http fetch GET 200 https://cdn.npmmirror.com/packages/lru-cache/10.4.3/lru-cache-10.4.3.tgz 728ms (cache miss)
644 http fetch GET 200 https://cdn.npmmirror.com/packages/vite-node/2.1.9/vite-node-2.1.9.tgz 755ms (cache miss)
645 http fetch GET 200 https://cdn.npmmirror.com/packages/iconv-lite/0.6.3/iconv-lite-0.6.3.tgz 766ms (cache miss)
646 http fetch GET 200 https://cdn.npmmirror.com/packages/tough-cookie/5.1.2/tough-cookie-5.1.2.tgz 785ms (cache miss)
647 http fetch GET 200 https://cdn.npmmirror.com/packages/chai/5.3.3/chai-5.3.3.tgz 851ms (cache miss)
648 http fetch GET 200 https://cdn.npmmirror.com/packages/loupe/3.2.1/loupe-3.2.1.tgz 866ms (cache miss)
649 http fetch GET 200 https://cdn.npmmirror.com/packages/tldts/6.1.86/tldts-6.1.86.tgz 925ms (cache miss)
650 http fetch GET 200 https://cdn.npmmirror.com/packages/parse5/7.3.0/parse5-7.3.0.tgz 975ms (cache miss)
651 http fetch GET 200 https://cdn.npmmirror.com/packages/tldts-core/6.1.86/tldts-core-6.1.86.tgz 1009ms (cache miss)
652 http fetch GET 200 https://cdn.npmmirror.com/packages/%40asamuzakjp/css-color/3.2.0/css-color-3.2.0.tgz 1005ms (cache miss)
653 http fetch GET 200 https://cdn.npmmirror.com/packages/cssstyle/4.6.0/cssstyle-4.6.0.tgz 1007ms (cache miss)
654 http fetch GET 200 https://cdn.npmmirror.com/packages/entities/6.0.1/entities-6.0.1.tgz 1031ms (cache miss)
655 http fetch GET 200 https://cdn.npmmirror.com/packages/vitest/2.1.9/vitest-2.1.9.tgz 1057ms (cache miss)
656 http fetch GET 200 https://cdn.npmmirror.com/packages/jsdom/26.1.0/jsdom-26.1.0.tgz 2323ms (cache miss)
657 silly ADD node_modules/stackback
658 silly ADD node_modules/siginfo
659 silly ADD node_modules/punycode
660 silly ADD node_modules/tr46
661 silly ADD node_modules/safer-buffer
662 silly ADD node_modules/iconv-lite
663 silly ADD node_modules/es-module-lexer
664 silly ADD node_modules/cac
665 silly ADD node_modules/pathval
666 silly ADD node_modules/deep-eql
667 silly ADD node_modules/check-error
668 silly ADD node_modules/assertion-error
669 silly ADD node_modules/loupe
670 silly ADD node_modules/tinyspy
671 silly ADD node_modules/estree-walker
672 silly ADD node_modules/why-is-node-running
673 silly ADD node_modules/vite-node
674 silly ADD node_modules/tinyrainbow
675 silly ADD node_modules/tinypool
676 silly ADD node_modules/tinyexec
677 silly ADD node_modules/tinybench
678 silly ADD node_modules/std-env
679 silly ADD node_modules/pathe
680 silly ADD node_modules/magic-string
681 silly ADD node_modules/expect-type
682 silly ADD node_modules/chai
683 silly ADD node_modules/@vitest/utils
684 silly ADD node_modules/@vitest/spy
685 silly ADD node_modules/@vitest/snapshot
686 silly ADD node_modules/@vitest/runner
687 silly ADD node_modules/@vitest/pretty-format
688 silly ADD node_modules/@vitest/mocker
689 silly ADD node_modules/@vitest/expect
690 silly ADD node_modules/tldts-core
691 silly ADD node_modules/tldts
692 silly ADD node_modules/xmlchars
693 silly ADD node_modules/entities
694 silly ADD node_modules/agent-base
695 silly ADD node_modules/@csstools/color-helpers
696 silly ADD node_modules/@csstools/css-color-parser
697 silly ADD node_modules/@csstools/css-tokenizer
698 silly ADD node_modules/@csstools/css-parser-algorithms
699 silly ADD node_modules/@csstools/css-calc
700 silly ADD node_modules/@asamuzakjp/css-color
701 silly ADD node_modules/@asamuzakjp/css-color/node_modules/lru-cache
702 silly ADD node_modules/xml-name-validator
703 silly ADD node_modules/ws
704 silly ADD node_modules/whatwg-url
705 silly ADD node_modules/whatwg-mimetype
706 silly ADD node_modules/whatwg-encoding
707 silly ADD node_modules/webidl-conversions
708 silly ADD node_modules/w3c-xmlserializer
709 silly ADD node_modules/tough-cookie
710 silly ADD node_modules/symbol-tree
711 silly ADD node_modules/saxes
712 silly ADD node_modules/rrweb-cssom
713 silly ADD node_modules/parse5
714 silly ADD node_modules/nwsapi
715 silly ADD node_modules/is-potential-custom-element-name
716 silly ADD node_modules/https-proxy-agent
717 silly ADD node_modules/http-proxy-agent
718 silly ADD node_modules/html-encoding-sniffer
719 silly ADD node_modules/decimal.js
720 silly ADD node_modules/data-urls
721 silly ADD node_modules/cssstyle
722 silly ADD node_modules/vitest
723 silly ADD node_modules/jsdom
724 verbose cwd C:\Users\linlic\Desktop\Openclaw Center
725 verbose os Windows_NT 10.0.26200
726 verbose node v24.12.0
727 verbose npm  v11.12.0
728 verbose exit 0
729 info ok
